William logged in with 'william@gmail.com' at 2019-09-18T17:26:49.134Z
Charles logged in with 'charles@gmail.com' at 2019-09-18T17:27:23.935Z
William logged in with 'william@gmail.com' at 2019-09-18T17:28:48.177Z
William logged in with 'william@gmail.com' at 2019-09-18T17:31:31.111Z
William logged in with 'william@gmail.com' at 2019-09-19T11:47:02.995Z
William logged in with 'william@gmail.com' at 2019-09-19T13:17:55.244Z
William logged in with 'william@gmail.com' at 2019-09-19T13:37:29.945Z
William logged in with 'william@gmail.com' at 2019-09-19T14:24:39.151Z
William logged in with 'william@gmail.com' at 2019-09-19T17:14:57.251Z
William logged in with 'william@gmail.com' at 2019-09-20T16:34:24.410Z
William logged in with 'william@gmail.com' at 2019-09-21T06:21:01.644Z
William logged in with 'william@gmail.com' at 2019-09-21T11:21:07.222Z
William logged in with 'william@gmail.com' at 2019-09-21T12:09:25.360Z
William logged in with 'william@gmail.com' at 2019-09-21T12:24:28.804Z
William logged in with 'william@gmail.com' at 2019-09-22T13:33:20.429Z
William logged in with 'william@gmail.com' at 2019-09-23T16:49:35.321Z
William logged in with 'william@gmail.com' at 2019-09-24T18:03:21.113Z
William logged in with 'william@gmail.com' at 2019-09-24T19:10:37.784Z
William logged in with 'william@gmail.com' at 2019-09-24T20:06:19.256Z
William logged in with 'william@gmail.com' at 2019-09-25T06:06:03.757Z
William logged in with 'william@gmail.com' at 2019-09-25T07:57:15.685Z
William logged in with 'william@gmail.com' at 2019-09-25T09:03:45.482Z
William logged in with 'william@gmail.com' at 2019-09-25T09:42:15.381Z
William logged in with 'william@gmail.com' at 2019-09-25T10:19:18.677Z
William logged in with 'william@gmail.com' at 2019-09-25T11:45:10.962Z
William logged in with 'william@gmail.com' at 2019-09-25T12:25:25.647Z
William logged in with 'william@gmail.com' at 2019-09-26T12:58:03.188Z
William logged in with 'william@gmail.com' at 2019-09-26T13:37:16.587Z
William logged in with 'william@gmail.com' at 2019-09-26T14:12:49.432Z
William logged in with 'william@gmail.com' at 2019-09-26T16:13:00.373Z
William logged in with 'william@gmail.com' at 2019-09-26T17:24:42.753Z
William logged in with 'william@gmail.com' at 2019-09-26T18:25:42.035Z
William logged in with 'william@gmail.com' at 2019-09-26T19:35:52.951Z
William logged in with 'william@gmail.com' at 2019-09-27T13:52:11.849Z
William logged in with 'william@gmail.com' at 2019-09-27T15:07:45.701Z
William logged in with 'william@gmail.com' at 2019-09-27T16:00:56.867Z
William logged in with 'william@gmail.com' at 2019-09-27T17:50:31.144Z
William logged in with 'william@gmail.com' at 2019-09-27T18:53:57.788Z
William logged in with 'william@gmail.com' at 2019-09-27T19:54:53.664Z
William logged in with 'william@gmail.com' at 2019-09-27T20:58:55.470Z
William logged in with 'william@gmail.com' at 2019-09-28T08:20:50.729Z
Jaques logged in with 'jaques@gmail.com' at 2019-09-28T08:53:40.574Z
William logged in with 'william@gmail.com' at 2019-09-28T08:55:14.898Z
Jaques logged in with 'jaques@gmail.com' at 2019-09-28T09:44:33.808Z
William logged in with 'william@gmail.com' at 2019-09-28T09:45:11.641Z
William logged in with 'william@gmail.com' at 2019-09-28T10:46:43.558Z
William logged in with 'william@gmail.com' at 2019-09-28T11:52:05.379Z
William logged in with 'william@gmail.com' at 2019-09-28T13:02:11.301Z
William logged in with 'william@gmail.com' at 2019-09-28T17:22:24.754Z
William logged in with 'william@gmail.com' at 2019-09-28T18:44:19.409Z
William logged in with 'william@gmail.com' at 2019-09-29T10:16:38.450Z
William logged in with 'william@gmail.com' at 2019-09-30T10:17:54.082Z
William logged in with 'william@gmail.com' at 2019-09-30T10:23:51.528Z
William logged in with 'william@gmail.com' at 2019-09-30T10:26:35.406Z
William logged in with 'william@gmail.com' at 2019-09-30T10:28:18.677Z
William logged in with 'william@gmail.com' at 2019-09-30T10:32:14.626Z
William logged in with 'william@gmail.com' at 2019-09-30T10:34:43.303Z
William logged in with 'william@gmail.com' at 2019-09-30T10:37:41.210Z
William logged in with 'william@gmail.com' at 2019-09-30T10:39:01.173Z
William logged in with 'william@gmail.com' at 2019-09-30T10:48:24.947Z
William logged in with 'william@gmail.com' at 2019-09-30T10:50:09.782Z
William logged in with 'william@gmail.com' at 2019-09-30T10:50:57.348Z
William logged in with 'william@gmail.com' at 2019-09-30T10:52:38.416Z
William logged in with 'william@gmail.com' at 2019-09-30T10:57:35.556Z
William logged in with 'william@gmail.com' at 2019-09-30T10:59:00.358Z
William logged in with 'william@gmail.com' at 2019-09-30T11:15:46.676Z
William logged in with 'william@gmail.com' at 2019-09-30T12:17:08.278Z
William logged in with 'william@gmail.com' at 2019-09-30T13:17:22.182Z
William logged in with 'william@gmail.com' at 2019-09-30T14:17:53.553Z
William logged in with 'william@gmail.com' at 2019-09-30T15:33:45.511Z
William logged in with 'william@gmail.com' at 2019-09-30T15:37:26.804Z
William logged in with 'william@gmail.com' at 2019-10-01T18:11:42.385Z
William logged in with 'william@gmail.com' at 2019-10-01T19:15:46.817Z
William logged in with 'william@gmail.com' at 2019-10-01T20:16:21.443Z
William logged in with 'william@gmail.com' at 2019-10-02T06:17:40.441Z
William logged in with 'william@gmail.com' at 2019-10-02T07:25:16.183Z
William logged in with 'william@gmail.com' at 2019-10-02T11:30:38.714Z
William logged in with 'william@gmail.com' at 2019-10-02T12:33:14.833Z
William logged in with 'william@gmail.com' at 2019-10-03T11:45:00.285Z
William logged in with 'william@gmail.com' at 2019-10-03T12:50:10.644Z
William logged in with 'william@gmail.com' at 2019-10-03T13:30:08.683Z
William logged in with 'william@gmail.com' at 2019-10-03T13:33:22.640Z
William logged in with 'william@gmail.com' at 2019-10-04T12:10:07.378Z
Jaques logged in with 'jaques@gmail.com' at 2019-10-04T12:33:17.545Z
Charles logged in with 'charles@gmail.com' at 2019-10-04T13:07:24.882Z
William logged in with 'william@gmail.com' at 2019-10-04T13:18:27.194Z
Charles logged in with 'charles@gmail.com' at 2019-10-04T13:28:25.155Z
William logged in with 'william@gmail.com' at 2019-10-04T13:39:46.072Z
Jaques logged in with 'jaques@gmail.com' at 2019-10-04T14:06:57.737Z
Abraham logged in with 'abraham@gmail.com' at 2019-10-04T14:09:22.015Z
William logged in with 'william@gmail.com' at 2019-10-04T14:20:08.800Z
William logged in with 'william@gmail.com' at 2019-10-04T16:28:35.486Z
William logged in with 'william@gmail.com' at 2019-10-04T17:32:27.092Z
William logged in with 'william@gmail.com' at 2019-10-04T18:47:15.226Z
William logged in with 'william@gmail.com' at 2019-10-05T10:19:27.903Z
William logged in with 'william@gmail.com' at 2019-10-05T11:21:35.200Z
William logged in with 'william@gmail.com' at 2019-10-05T11:46:28.119Z
William logged in with 'william@gmail.com' at 2019-10-05T12:46:57.919Z
William logged in with 'william@gmail.com' at 2019-10-06T11:40:21.213Z
William logged in with 'william@gmail.com' at 2019-10-06T15:48:31.721Z
William logged in with 'william@gmail.com' at 2019-10-06T16:09:55.607Z
William logged in with 'william@gmail.com' at 2019-10-16T16:53:52.013Z
William logged in with 'william@gmail.com' at 2019-10-16T17:59:15.641Z
William logged in with 'william@gmail.com' at 2019-10-16T19:00:49.716Z
William logged in with 'william@gmail.com' at 2019-10-22T12:10:48.948Z
William logged in with 'william@gmail.com' at 2019-10-22T13:16:58.004Z
William logged in with 'william@gmail.com' at 2019-10-22T17:32:02.042Z
William logged in with 'william@gmail.com' at 2019-10-22T18:32:57.700Z
William logged in with 'william@gmail.com' at 2019-10-23T11:54:19.982Z
William logged in with 'william@gmail.com' at 2019-10-23T12:54:35.215Z
William logged in with 'william@gmail.com' at 2019-10-23T14:19:00.197Z
William logged in with 'william@gmail.com' at 2019-10-24T07:34:49.000Z
William logged in with 'william@gmail.com' at 2019-10-24T08:41:40.746Z
William logged in with 'william@gmail.com' at 2019-10-24T09:41:59.935Z
William logged in with 'william@gmail.com' at 2019-10-24T10:44:51.990Z
William logged in with 'william@gmail.com' at 2019-10-24T11:52:40.235Z
William logged in with 'william@gmail.com' at 2019-10-24T12:57:26.529Z
William logged in with 'william@gmail.com' at 2019-10-25T08:28:54.449Z
William logged in with 'william@gmail.com' at 2019-10-25T09:29:16.492Z
Jaques logged in with 'jaques@gmail.com' at 2019-10-25T10:06:48.457Z
Mathew logged in with 'mathew@gmail.com' at 2019-10-25T11:08:20.331Z
Mathew logged in with 'mathew@gmail.com' at 2019-10-25T12:14:16.380Z
Charles logged in with 'charles@gmail.com' at 2019-10-25T12:16:15.038Z
William logged in with 'william@gmail.com' at 2019-10-25T12:17:56.870Z
William logged in with 'william@gmail.com' at 2019-10-26T17:43:46.746Z
Eliot logged in with 'eliot@gmail.com' at 2019-10-27T16:13:21.332Z
Eliot logged in with 'eliot@gmail.com' at 2019-10-27T16:18:05.163Z
Eliot logged in with 'eliot@gmail.com' at 2019-10-27T16:18:58.814Z
Eliot logged in with 'eliot@gmail.com' at 2019-10-27T16:19:48.202Z
Eliot logged in with 'eliot@gmail.com' at 2019-10-27T16:21:17.454Z
Eliot logged in with 'eliot@gmail.com' at 2019-10-27T16:22:19.689Z
Eliot logged in with 'eliot@gmail.com' at 2019-10-27T16:23:18.416Z
Eliot logged in with 'eliot@gmail.com' at 2019-10-27T16:24:07.657Z
Eliot logged in with 'eliot@gmail.com' at 2019-10-27T16:24:30.878Z
Eliot logged in with 'eliot@gmail.com' at 2019-10-27T16:38:14.431Z
Eliot logged in with 'eliot@gmail.com' at 2019-10-27T17:01:38.772Z
Eliot logged in with 'eliot@gmail.com' at 2019-10-27T17:03:59.563Z
Eliot logged in with 'eliot@gmail.com' at 2019-10-27T17:05:36.657Z
Eliot logged in with 'eliot@gmail.com' at 2019-10-27T17:06:12.350Z
Eliot logged in with 'eliot@gmail.com' at 2019-10-27T17:17:56.898Z
Eliot logged in with 'eliot@gmail.com' at 2019-10-27T18:55:12.216Z
Eliot logged in with 'eliot@gmail.com' at 2019-10-27T19:11:55.336Z
Eliot logged in with 'eliot@gmail.com' at 2019-10-27T19:18:44.191Z
Eliot logged in with 'eliot@gmail.com' at 2019-10-27T19:22:51.951Z
Eliot logged in with 'eliot@gmail.com' at 2019-10-27T19:33:54.035Z
Eliot logged in with 'eliot@gmail.com' at 2019-10-27T19:34:42.115Z
Eliot logged in with 'eliot@gmail.com' at 2019-10-27T19:36:05.834Z
Eliot logged in with 'eliot@gmail.com' at 2019-10-27T19:36:54.420Z
Eliot logged in with 'eliot@gmail.com' at 2019-10-27T19:42:01.194Z
Eliot logged in with 'eliot@gmail.com' at 2019-10-27T19:42:32.237Z
Eliot logged in with 'eliot@gmail.com' at 2019-10-27T19:51:25.582Z
Eliot logged in with 'eliot@gmail.com' at 2019-10-27T19:52:14.661Z
Eliot logged in with 'eliot@gmail.com' at 2019-10-27T19:53:04.384Z
Eliot logged in with 'eliot@gmail.com' at 2019-10-27T19:53:23.254Z
Eliot logged in with 'eliot@gmail.com' at 2019-10-27T19:55:07.576Z
Eliot logged in with 'eliot@gmail.com' at 2019-10-27T19:57:16.349Z
Eliot logged in with 'eliot@gmail.com' at 2019-10-27T19:58:03.446Z
Eliot logged in with 'eliot@gmail.com' at 2019-10-27T19:58:58.561Z
Eliot logged in with 'eliot@gmail.com' at 2019-10-27T20:02:11.857Z
Eliot logged in with 'eliot@gmail.com' at 2019-10-27T20:03:00.834Z
Eliot logged in with 'eliot@gmail.com' at 2019-10-27T20:10:24.784Z
Eliot logged in with 'eliot@gmail.com' at 2019-10-27T20:10:55.195Z
Eliot logged in with 'eliot@gmail.com' at 2019-10-27T20:17:00.883Z
Eliot logged in with 'eliot@gmail.com' at 2019-10-27T20:21:28.713Z
Eliot logged in with 'eliot@gmail.com' at 2019-10-27T20:23:00.371Z
Eliot logged in with 'eliot@gmail.com' at 2019-10-27T20:29:38.052Z
Eliot logged in with 'eliot@gmail.com' at 2019-10-27T20:32:03.296Z
Eliot logged in with 'eliot@gmail.com' at 2019-10-27T20:34:30.781Z
Eliot logged in with 'eliot@gmail.com' at 2019-10-27T20:39:02.950Z
Eliot logged in with 'eliot@gmail.com' at 2019-10-27T20:42:35.128Z
Eliot logged in with 'eliot@gmail.com' at 2019-10-27T20:43:07.455Z
Eliot logged in with 'eliot@gmail.com' at 2019-10-27T21:19:20.537Z
Eliot logged in with 'eliot@gmail.com' at 2019-10-27T21:23:16.613Z
Eliot logged in with 'eliot@gmail.com' at 2019-10-27T21:24:22.663Z
Eliot logged in with 'eliot@gmail.com' at 2019-10-27T21:41:01.850Z
Eliot logged in with 'eliot@gmail.com' at 2019-10-27T21:45:32.058Z
Eliot logged in with 'eliot@gmail.com' at 2019-10-30T17:43:29.227Z
Eliot logged in with 'eliot@gmail.com' at 2019-10-30T17:44:14.161Z
Eliot logged in with 'eliot@gmail.com' at 2019-10-30T17:45:43.550Z
Eliot logged in with 'eliot@gmail.com' at 2019-10-30T17:48:51.070Z
Eliot logged in with 'eliot@gmail.com' at 2019-10-30T18:24:18.343Z
Eliot logged in with 'eliot@gmail.com' at 2019-10-30T18:26:35.027Z
Eliot logged in with 'eliot@gmail.com' at 2019-10-30T18:27:15.361Z
Eliot logged in with 'eliot@gmail.com' at 2019-10-30T18:28:32.119Z
Eliot logged in with 'eliot@gmail.com' at 2019-10-30T18:31:15.283Z
Eliot logged in with 'eliot@gmail.com' at 2019-10-30T18:41:00.695Z
Eliot logged in with 'eliot@gmail.com' at 2019-10-30T18:55:15.469Z
Eliot logged in with 'eliot@gmail.com' at 2019-10-30T19:03:12.704Z
Eliot logged in with 'eliot@gmail.com' at 2019-10-30T19:03:55.495Z
Eliot logged in with 'eliot@gmail.com' at 2019-10-30T19:08:47.372Z
Eliot logged in with 'eliot@gmail.com' at 2019-10-30T19:18:29.554Z
Eliot logged in with 'eliot@gmail.com' at 2019-10-30T19:25:43.561Z
Eliot logged in with 'eliot@gmail.com' at 2019-10-30T19:27:13.393Z
Eliot logged in with 'eliot@gmail.com' at 2019-10-30T19:30:50.890Z
Eliot logged in with 'eliot@gmail.com' at 2019-10-30T19:32:16.049Z
Eliot logged in with 'eliot@gmail.com' at 2019-11-01T18:00:20.758Z
Eliot logged in with 'eliot@gmail.com' at 2019-11-01T18:14:49.215Z
Eliot logged in with 'eliot@gmail.com' at 2019-11-01T18:18:58.755Z
Eliot logged in with 'eliot@gmail.com' at 2019-11-01T18:20:21.456Z
Eliot logged in with 'eliot@gmail.com' at 2019-11-01T18:57:24.790Z
Eliot logged in with 'eliot@gmail.com' at 2019-11-01T18:58:36.563Z
Eliot logged in with 'eliot@gmail.com' at 2019-11-01T19:00:27.624Z
Eliot logged in with 'eliot@gmail.com' at 2019-11-01T19:02:32.010Z
Eliot logged in with 'eliot@gmail.com' at 2019-11-01T19:05:04.388Z
Eliot logged in with 'eliot@gmail.com' at 2019-11-01T19:09:41.267Z
Eliot logged in with 'eliot@gmail.com' at 2019-11-01T19:10:20.903Z
Eliot logged in with 'eliot@gmail.com' at 2019-11-01T19:12:38.378Z
Eliot logged in with 'eliot@gmail.com' at 2019-11-01T19:16:59.395Z
Eliot logged in with 'eliot@gmail.com' at 2019-11-01T19:17:37.575Z
Eliot logged in with 'eliot@gmail.com' at 2019-11-01T19:18:49.754Z
Eliot logged in with 'eliot@gmail.com' at 2019-11-01T19:23:04.970Z
Eliot logged in with 'eliot@gmail.com' at 2019-11-01T19:24:21.350Z
Eliot logged in with 'eliot@gmail.com' at 2019-11-01T19:25:27.598Z
Eliot logged in with 'eliot@gmail.com' at 2019-11-02T17:45:08.061Z
Eliot logged in with 'eliot@gmail.com' at 2019-11-02T17:52:07.956Z
Eliot logged in with 'eliot@gmail.com' at 2019-11-02T17:56:16.366Z
Eliot logged in with 'eliot@gmail.com' at 2019-11-02T17:56:52.305Z
Eliot logged in with 'eliot@gmail.com' at 2019-11-02T18:00:48.066Z
Eliot logged in with 'eliot@gmail.com' at 2019-11-02T18:10:42.623Z
Eliot logged in with 'eliot@gmail.com' at 2019-11-02T18:11:27.931Z
Eliot logged in with 'eliot@gmail.com' at 2019-11-02T18:14:08.468Z
Eliot logged in with 'eliot@gmail.com' at 2019-11-02T18:18:54.242Z
Eliot logged in with 'eliot@gmail.com' at 2019-11-02T18:19:53.179Z
Eliot logged in with 'eliot@gmail.com' at 2019-11-02T18:23:16.819Z
Eliot logged in with 'eliot@gmail.com' at 2019-11-02T18:23:50.465Z
Eliot logged in with 'eliot@gmail.com' at 2019-11-02T18:27:03.837Z
Eliot logged in with 'eliot@gmail.com' at 2019-11-02T18:28:51.111Z
Eliot logged in with 'eliot@gmail.com' at 2019-11-02T18:29:40.663Z
Eliot logged in with 'eliot@gmail.com' at 2019-11-02T18:31:44.952Z
Eliot logged in with 'eliot@gmail.com' at 2019-11-02T18:32:43.732Z
Eliot logged in with 'eliot@gmail.com' at 2019-11-02T18:34:13.917Z
Eliot logged in with 'eliot@gmail.com' at 2019-11-05T17:49:03.815Z
Eliot logged in with 'eliot@gmail.com' at 2019-11-05T17:53:34.276Z
Eliot logged in with 'eliot@gmail.com' at 2019-11-05T17:59:43.159Z
Eliot logged in with 'eliot@gmail.com' at 2019-11-05T18:01:18.433Z
Eliot logged in with 'eliot@gmail.com' at 2019-11-05T18:05:04.818Z
Eliot logged in with 'eliot@gmail.com' at 2019-11-05T18:08:18.922Z
Eliot logged in with 'eliot@gmail.com' at 2019-11-05T18:09:26.932Z
Eliot logged in with 'eliot@gmail.com' at 2019-11-05T18:33:24.587Z
Eliot logged in with 'eliot@gmail.com' at 2019-11-05T18:35:51.409Z
Eliot logged in with 'eliot@gmail.com' at 2019-11-05T18:36:19.406Z
Eliot logged in with 'eliot@gmail.com' at 2019-11-07T18:00:08.156Z
Eliot logged in with 'eliot@gmail.com' at 2019-11-07T18:01:55.600Z
Eliot logged in with 'eliot@gmail.com' at 2019-11-07T18:09:07.629Z
Eliot logged in with 'eliot@gmail.com' at 2019-11-07T18:10:49.327Z
Eliot logged in with 'eliot@gmail.com' at 2019-11-07T18:17:21.882Z
Eliot logged in with 'eliot@gmail.com' at 2019-11-07T18:22:51.857Z
Eliot logged in with 'eliot@gmail.com' at 2019-11-07T18:25:36.954Z
Eliot logged in with 'eliot@gmail.com' at 2019-11-07T18:28:02.078Z
Eliot logged in with 'eliot@gmail.com' at 2019-11-07T18:29:22.702Z
Eliot logged in with 'eliot@gmail.com' at 2019-11-07T18:30:32.165Z
Eliot logged in with 'eliot@gmail.com' at 2019-11-07T18:37:35.734Z
Eliot logged in with 'eliot@gmail.com' at 2019-11-07T18:38:53.749Z
Eliot logged in with 'eliot@gmail.com' at 2019-11-07T18:41:06.981Z
Eliot logged in with 'eliot@gmail.com' at 2019-11-07T18:46:46.269Z
Eliot logged in with 'eliot@gmail.com' at 2019-11-07T18:47:31.217Z
Eliot logged in with 'eliot@gmail.com' at 2019-11-07T18:48:36.546Z
Eliot logged in with 'eliot@gmail.com' at 2019-11-07T18:53:14.274Z
Eliot logged in with 'eliot@gmail.com' at 2019-11-07T18:58:12.309Z
Eliot logged in with 'eliot@gmail.com' at 2019-11-07T18:59:05.733Z
Eliot logged in with 'eliot@gmail.com' at 2019-11-07T19:06:31.361Z
Eliot logged in with 'eliot@gmail.com' at 2019-11-07T19:07:12.055Z
Eliot logged in with 'eliot@gmail.com' at 2019-11-07T19:12:00.847Z
Eliot logged in with 'eliot@gmail.com' at 2019-11-07T19:13:51.980Z
Eliot logged in with 'eliot@gmail.com' at 2019-11-07T19:18:04.659Z
Eliot logged in with 'eliot@gmail.com' at 2019-11-07T19:26:51.599Z
Eliot logged in with 'eliot@gmail.com' at 2019-11-07T19:29:38.354Z
Eliot logged in with 'eliot@gmail.com' at 2019-11-07T19:33:15.901Z
Eliot logged in with 'eliot@gmail.com' at 2019-11-07T19:34:27.272Z
Eliot logged in with 'eliot@gmail.com' at 2019-11-07T19:37:53.579Z
Eliot logged in with 'eliot@gmail.com' at 2019-11-07T19:39:53.917Z
Eliot logged in with 'eliot@gmail.com' at 2019-11-07T19:42:26.078Z
Eliot logged in with 'eliot@gmail.com' at 2019-11-07T19:43:22.576Z
Eliot logged in with 'eliot@gmail.com' at 2019-11-07T19:44:08.603Z
Eliot logged in with 'eliot@gmail.com' at 2019-12-03T09:50:56.624Z
Eliot logged in with 'eliot@gmail.com' at 2019-12-03T10:47:32.646Z
Eliot logged in with 'eliot@gmail.com' at 2019-12-03T10:50:57.464Z
Eliot logged in with 'eliot@gmail.com' at 2019-12-03T10:51:54.193Z
Eliot logged in with 'eliot@gmail.com' at 2019-12-03T10:55:55.830Z
Eliot logged in with 'eliot@gmail.com' at 2019-12-03T10:56:35.109Z
Eliot logged in with 'eliot@gmail.com' at 2019-12-03T10:57:22.321Z
Eliot logged in with 'eliot@gmail.com' at 2019-12-03T10:58:25.397Z
Eliot logged in with 'eliot@gmail.com' at 2019-12-03T11:02:30.475Z
Eliot logged in with 'eliot@gmail.com' at 2019-12-03T11:03:37.879Z
Eliot logged in with 'eliot@gmail.com' at 2019-12-03T11:08:32.545Z
Eliot logged in with 'eliot@gmail.com' at 2019-12-03T11:29:44.626Z
Eliot logged in with 'eliot@gmail.com' at 2019-12-03T11:30:34.509Z
Eliot logged in with 'eliot@gmail.com' at 2019-12-03T11:54:46.068Z
Eliot logged in with 'eliot@gmail.com' at 2019-12-03T11:58:09.402Z
Eliot logged in with 'eliot@gmail.com' at 2019-12-03T11:58:54.708Z
Eliot logged in with 'eliot@gmail.com' at 2019-12-03T12:05:53.296Z
Eliot logged in with 'eliot@gmail.com' at 2019-12-03T12:06:52.135Z
Eliot logged in with 'eliot@gmail.com' at 2019-12-03T12:09:59.498Z
Eliot logged in with 'eliot@gmail.com' at 2019-12-03T12:11:53.705Z
Eliot logged in with 'eliot@gmail.com' at 2019-12-03T12:16:17.375Z
Eliot logged in with 'eliot@gmail.com' at 2019-12-03T12:25:27.982Z
Eliot logged in with 'eliot@gmail.com' at 2019-12-03T12:28:50.593Z
Eliot logged in with 'eliot@gmail.com' at 2019-12-03T12:33:24.281Z
Eliot logged in with 'eliot@gmail.com' at 2019-12-03T12:35:52.803Z
Eliot logged in with 'eliot@gmail.com' at 2019-12-03T12:41:45.068Z
Eliot logged in with 'eliot@gmail.com' at 2019-12-03T12:42:30.640Z
Eliot logged in with 'eliot@gmail.com' at 2019-12-03T12:43:32.753Z
Eliot logged in with 'eliot@gmail.com' at 2019-12-03T12:44:48.555Z
Eliot logged in with 'eliot@gmail.com' at 2019-12-03T12:49:08.961Z
Eliot logged in with 'eliot@gmail.com' at 2019-12-03T12:50:36.200Z
Eliot logged in with 'eliot@gmail.com' at 2019-12-03T12:53:08.909Z
Eliot logged in with 'eliot@gmail.com' at 2019-12-03T12:55:56.009Z
Eliot logged in with 'eliot@gmail.com' at 2019-12-03T12:57:10.721Z
Eliot logged in with 'eliot@gmail.com' at 2019-12-03T12:59:08.544Z
Eliot logged in with 'eliot@gmail.com' at 2019-12-03T13:01:16.372Z
Eliot logged in with 'eliot@gmail.com' at 2019-12-03T13:02:10.172Z
Eliot logged in with 'eliot@gmail.com' at 2019-12-03T13:04:35.436Z
Eliot logged in with 'eliot@gmail.com' at 2019-12-04T16:02:07.656Z
Eliot logged in with 'eliot@gmail.com' at 2019-12-04T16:03:48.638Z
Eliot logged in with 'eliot@gmail.com' at 2019-12-04T16:13:22.784Z
Eliot logged in with 'eliot@gmail.com' at 2019-12-04T16:21:11.740Z
Eliot logged in with 'eliot@gmail.com' at 2019-12-04T16:22:21.662Z
Eliot logged in with 'eliot@gmail.com' at 2019-12-04T16:25:06.670Z
Eliot logged in with 'eliot@gmail.com' at 2019-12-04T16:27:16.541Z
Eliot logged in with 'eliot@gmail.com' at 2019-12-04T16:29:40.659Z
Eliot logged in with 'eliot@gmail.com' at 2019-12-04T16:33:02.505Z
Eliot logged in with 'eliot@gmail.com' at 2019-12-04T16:36:14.319Z
Eliot logged in with 'eliot@gmail.com' at 2019-12-04T16:39:41.360Z
Eliot logged in with 'eliot@gmail.com' at 2019-12-04T16:40:34.930Z
Eliot logged in with 'eliot@gmail.com' at 2019-12-04T16:45:04.278Z
Eliot logged in with 'eliot@gmail.com' at 2019-12-04T16:49:25.998Z
Eliot logged in with 'eliot@gmail.com' at 2019-12-04T16:50:58.119Z
Eliot logged in with 'eliot@gmail.com' at 2019-12-04T16:52:15.033Z
Eliot logged in with 'eliot@gmail.com' at 2019-12-04T16:54:48.782Z
Eliot logged in with 'eliot@gmail.com' at 2019-12-04T16:55:40.426Z
Eliot logged in with 'eliot@gmail.com' at 2019-12-04T16:57:16.923Z
Eliot logged in with 'eliot@gmail.com' at 2019-12-04T16:59:01.249Z
Eliot logged in with 'eliot@gmail.com' at 2019-12-04T17:01:29.396Z
Eliot logged in with 'eliot@gmail.com' at 2019-12-04T17:02:26.961Z
Eliot logged in with 'eliot@gmail.com' at 2019-12-04T17:06:04.184Z
Eliot logged in with 'eliot@gmail.com' at 2019-12-04T17:08:49.697Z
Eliot logged in with 'eliot@gmail.com' at 2019-12-04T17:11:30.318Z
Eliot logged in with 'eliot@gmail.com' at 2019-12-04T17:15:22.072Z
Eliot logged in with 'eliot@gmail.com' at 2019-12-04T17:16:10.496Z
Eliot logged in with 'eliot@gmail.com' at 2019-12-04T17:17:03.148Z
Eliot logged in with 'eliot@gmail.com' at 2019-12-11T12:03:51.336Z
Eliot logged in with 'eliot@gmail.com' at 2019-12-11T12:05:36.047Z
Eliot logged in with 'eliot@gmail.com' at 2019-12-11T12:14:47.690Z
Eliot logged in with 'eliot@gmail.com' at 2019-12-11T12:15:33.511Z
Eliot logged in with 'eliot@gmail.com' at 2019-12-11T12:21:32.982Z
Eliot logged in with 'eliot@gmail.com' at 2019-12-11T12:24:29.469Z
Eliot logged in with 'eliot@gmail.com' at 2019-12-11T12:25:27.443Z
Eliot logged in with 'eliot@gmail.com' at 2019-12-11T12:31:12.641Z
Eliot logged in with 'eliot@gmail.com' at 2019-12-11T12:33:23.203Z
Eliot logged in with 'eliot@gmail.com' at 2019-12-11T12:34:59.252Z
Eliot logged in with 'eliot@gmail.com' at 2019-12-11T12:40:07.312Z
Eliot logged in with 'eliot@gmail.com' at 2019-12-11T12:44:12.165Z
Eliot logged in with 'eliot@gmail.com' at 2019-12-11T12:49:41.647Z
Eliot logged in with 'eliot@gmail.com' at 2019-12-11T12:53:01.747Z
Eliot logged in with 'eliot@gmail.com' at 2019-12-11T12:56:17.514Z
Eliot logged in with 'eliot@gmail.com' at 2019-12-11T12:57:01.236Z
Eliot logged in with 'eliot@gmail.com' at 2019-12-11T12:57:51.379Z
Eliot logged in with 'eliot@gmail.com' at 2019-12-11T13:01:02.434Z
Eliot logged in with 'eliot@gmail.com' at 2019-12-11T13:08:23.861Z
Eliot logged in with 'eliot@gmail.com' at 2019-12-11T13:58:06.664Z
Eliot logged in with 'eliot@gmail.com' at 2019-12-11T13:59:05.324Z
Eliot logged in with 'eliot@gmail.com' at 2019-12-11T14:03:45.581Z
Eliot logged in with 'eliot@gmail.com' at 2019-12-11T14:04:34.041Z
Eliot logged in with 'eliot@gmail.com' at 2019-12-17T09:00:55.370Z
Eliot logged in with 'eliot@gmail.com' at 2019-12-17T10:02:31.636Z
Eliot logged in with 'eliot@gmail.com' at 2019-12-17T10:09:14.270Z
Eliot logged in with 'eliot@gmail.com' at 2019-12-17T10:12:00.707Z
Eliot logged in with 'eliot@gmail.com' at 2019-12-17T10:15:38.662Z
Eliot logged in with 'eliot@gmail.com' at 2019-12-17T10:19:56.558Z
Eliot logged in with 'eliot@gmail.com' at 2019-12-17T10:25:30.215Z
Eliot logged in with 'eliot@gmail.com' at 2019-12-17T10:26:24.034Z
Eliot logged in with 'eliot@gmail.com' at 2019-12-17T10:34:05.922Z
Eliot logged in with 'eliot@gmail.com' at 2019-12-17T10:35:12.470Z
Eliot logged in with 'eliot@gmail.com' at 2019-12-17T10:37:53.415Z
Eliot logged in with 'eliot@gmail.com' at 2019-12-17T10:39:36.089Z
Eliot logged in with 'eliot@gmail.com' at 2019-12-17T10:44:02.732Z
Eliot logged in with 'eliot@gmail.com' at 2019-12-17T10:45:01.097Z
Eliot logged in with 'eliot@gmail.com' at 2019-12-17T10:53:38.041Z
Eliot logged in with 'eliot@gmail.com' at 2019-12-17T10:56:35.816Z
Eliot logged in with 'eliot@gmail.com' at 2019-12-17T11:19:40.400Z
Eliot logged in with 'eliot@gmail.com' at 2019-12-17T11:22:17.359Z
Eliot logged in with 'eliot@gmail.com' at 2019-12-17T11:27:33.038Z
William logged in with 'william@gmail.com' at 2019-12-22T08:02:49.282Z
William logged in with 'william@gmail.com' at 2019-12-22T10:03:25.029Z
William logged in with 'william@gmail.com' at 2019-12-22T11:16:05.924Z
William logged in with 'william@gmail.com' at 2019-12-22T12:38:22.368Z
William logged in with 'william@gmail.com' at 2019-12-22T13:44:44.625Z
William logged in with 'william@gmail.com' at 2019-12-24T13:27:11.488Z
William logged in with 'william@gmail.com' at 2019-12-24T14:27:47.456Z
William logged in with 'william@gmail.com' at 2019-12-25T12:24:04.619Z
William logged in with 'william@gmail.com' at 2019-12-25T13:28:22.567Z
William logged in with 'william@gmail.com' at 2019-12-25T14:28:55.801Z
William logged in with 'william@gmail.com' at 2020-01-01T10:06:21.847Z
William logged in with 'william@gmail.com' at 2020-01-01T10:58:57.558Z
William logged in with 'william@gmail.com' at 2020-01-01T11:30:39.225Z
William logged in with 'william@gmail.com' at 2020-01-01T12:38:58.100Z
William logged in with 'william@gmail.com' at 2020-01-15T12:12:03.831Z
William logged in with 'william@gmail.com' at 2020-01-16T05:45:06.267Z